2024-02-10 17:30:24 INFO  SignUpTest:84 - Status:PASS,StepNumber:1,StepName:User is on Application Page
2024-02-10 17:30:25 INFO  SignUpTest:111 - Sign up successful.
2024-02-10 17:30:36 INFO  SignUpTest:84 - Status:PASS,StepNumber:1,StepName:User is on Application Page
2024-02-10 17:30:37 INFO  SignUpTest:111 - This user already exist.
2024-02-10 17:30:47 INFO  SignUpTest:84 - Status:PASS,StepNumber:1,StepName:User is on Application Page
2024-02-10 17:30:48 INFO  SignUpTest:111 - Please fill out Username and Password.
2024-02-10 17:30:59 INFO  TestBase:140 - Status:PASS,StepNumber:1,StepName:User is on Application Page
2024-02-10 17:30:59 INFO  LoginTest:34 - Status:PASS,StepNumber:1,StepName:User is on logged in successfully
2024-02-10 17:31:09 INFO  TestBase:140 - Status:PASS,StepNumber:1,StepName:User is on Application Page
2024-02-10 17:31:09 ERROR TestBase:33 - Failed to navigate to Home Page: D:\Neelima\Selenium_Edureka_class\Workspace\CertificationProject\src\test\resources\TestData\TestData.xlsx (The system cannot find the path specified)
2024-02-10 17:31:09 ERROR TestBase:55 - Failed to navigate to Home Page: D:\Neelima\Selenium_Edureka_class\Workspace\CertificationProject\src\test\resources\TestData\TestData.xlsx (The system cannot find the path specified)
2024-02-10 17:31:40 ERROR PageOpeations:122 - Failed to click on Add Cart button: Expected condition failed: waiting for visibility of element located by By.xpath: //a[text()='Add to cart'] (tried for 30 second(s) with 500 milliseconds interval)
Build info: version: '4.15.0', revision: '1d14b5521b'
System info: os.name: 'Windows 10', os.arch: 'amd64', os.version: '10.0', java.version: '21.0.1'
Driver info: org.openqa.selenium.chrome.ChromeDriver
Capabilities {acceptInsecureCerts: false, browserName: chrome, browserVersion: 121.0.6167.86, chrome: {chromedriverVersion: 121.0.6167.85 (3f98d690ad7e..., userDataDir: C:\Users\DELL\AppData\Local...}, fedcm:accounts: true, goog:chromeOptions: {debuggerAddress: localhost:52410}, networkConnectionEnabled: false, pageLoadStrategy: normal, platformName: windows, proxy: Proxy(), se:cdp: ws://localhost:52410/devtoo..., se:cdpVersion: 121.0.6167.86, setWindowRect: true, strictFileInteractability: false, timeouts: {implicit: 0, pageLoad: 300000, script: 30000}, unhandledPromptBehavior: dismiss and notify, webauthn:extension:credBlob: true, webauthn:extension:largeBlob: true, webauthn:extension:minPinLength: true, webauthn:extension:prf: true, webauthn:virtualAuthenticators: true}
Session ID: 523d051d8ffd8ba9abb1a53d49271def
2024-02-10 17:31:41 ERROR TestBase:67 - Failed to navigate to Home Page: no such alert
  (Session info: chrome=121.0.6167.86)
Build info: version: '4.15.0', revision: '1d14b5521b'
System info: os.name: 'Windows 10', os.arch: 'amd64', os.version: '10.0', java.version: '21.0.1'
Driver info: org.openqa.selenium.chrome.ChromeDriver
Command: [523d051d8ffd8ba9abb1a53d49271def, getAlertText {}]
Capabilities {acceptInsecureCerts: false, browserName: chrome, browserVersion: 121.0.6167.86, chrome: {chromedriverVersion: 121.0.6167.85 (3f98d690ad7e..., userDataDir: C:\Users\DELL\AppData\Local...}, fedcm:accounts: true, goog:chromeOptions: {debuggerAddress: localhost:52410}, networkConnectionEnabled: false, pageLoadStrategy: normal, platformName: windows, proxy: Proxy(), se:cdp: ws://localhost:52410/devtoo..., se:cdpVersion: 121.0.6167.86, setWindowRect: true, strictFileInteractability: false, timeouts: {implicit: 0, pageLoad: 300000, script: 30000}, unhandledPromptBehavior: dismiss and notify, webauthn:extension:credBlob: true, webauthn:extension:largeBlob: true, webauthn:extension:minPinLength: true, webauthn:extension:prf: true, webauthn:virtualAuthenticators: true}
Session ID: 523d051d8ffd8ba9abb1a53d49271def
2024-02-10 17:31:42 ERROR TestBase:81 - Failed to navigate to Home Page: D:\Neelima\Selenium_Edureka_class\Workspace\CertificationProject\src\test\resources\TestData\TestData.xlsx (The system cannot find the path specified)
2024-02-10 17:31:54 INFO  TestBase:140 - Status:PASS,StepNumber:1,StepName:User is on Application Page
2024-02-10 17:33:19 INFO  SignUpTest:84 - Status:PASS,StepNumber:1,StepName:User is on Application Page
2024-02-10 17:33:20 INFO  SignUpTest:111 - Sign up successful.
2024-02-10 17:33:31 INFO  SignUpTest:84 - Status:PASS,StepNumber:1,StepName:User is on Application Page
2024-02-10 17:33:32 INFO  SignUpTest:111 - This user already exist.
2024-02-10 17:33:43 INFO  SignUpTest:84 - Status:PASS,StepNumber:1,StepName:User is on Application Page
2024-02-10 17:33:44 INFO  SignUpTest:111 - Please fill out Username and Password.
2024-02-10 17:33:53 INFO  TestBase:140 - Status:PASS,StepNumber:1,StepName:User is on Application Page
2024-02-10 17:33:54 INFO  LoginTest:34 - Status:PASS,StepNumber:1,StepName:User is on logged in successfully
2024-02-10 17:34:04 INFO  TestBase:140 - Status:PASS,StepNumber:1,StepName:User is on Application Page
2024-02-10 17:36:13 INFO  TestBase:140 - Status:PASS,StepNumber:1,StepName:User is on Application Page
2024-02-10 17:36:19 ERROR PageOpeations:45 - Failed to find Samsung galaxy s6 Subcategory in Product selection: 
2024-02-10 17:36:19 ERROR PageOpeations:46 - stale element reference: stale element not found
  (Session info: chrome=121.0.6167.86)
For documentation on this error, please visit: https://www.selenium.dev/documentation/webdriver/troubleshooting/errors#stale-element-reference-exception
Build info: version: '4.15.0', revision: '1d14b5521b'
System info: os.name: 'Windows 10', os.arch: 'amd64', os.version: '10.0', java.version: '21.0.1'
Driver info: org.openqa.selenium.chrome.ChromeDriver
Command: [a2cb291ccccd221ddcae55cf33478cdf, clickElement {id=DA62C120D5086BA4E6C6AAE3FCB3D793_element_226}]
Capabilities {acceptInsecureCerts: false, browserName: chrome, browserVersion: 121.0.6167.86, chrome: {chromedriverVersion: 121.0.6167.85 (3f98d690ad7e..., userDataDir: C:\Users\DELL\AppData\Local...}, fedcm:accounts: true, goog:chromeOptions: {debuggerAddress: localhost:52815}, networkConnectionEnabled: false, pageLoadStrategy: normal, platformName: windows, proxy: Proxy(), se:cdp: ws://localhost:52815/devtoo..., se:cdpVersion: 121.0.6167.86, setWindowRect: true, strictFileInteractability: false, timeouts: {implicit: 0, pageLoad: 300000, script: 30000}, unhandledPromptBehavior: dismiss and notify, webauthn:extension:credBlob: true, webauthn:extension:largeBlob: true, webauthn:extension:minPinLength: true, webauthn:extension:prf: true, webauthn:virtualAuthenticators: true}
Element: [[ChromeDriver: chrome on windows (a2cb291ccccd221ddcae55cf33478cdf)] -> xpath: //a[text()='Samsung galaxy s6']]
Session ID: a2cb291ccccd221ddcae55cf33478cdf
2024-02-10 17:36:19 ERROR PageOpeations:148 - User clicks on Add to Cart button and navigates to Cart Page - Test step is Skipped
2024-02-10 17:36:19 ERROR PageOpeations:89 - User validates that selected item is added in Cart - Test step is Skipped
2024-02-10 17:36:19 INFO  PlaceOrderTest:55 - Status:PASS,StepNumber:1,StepName:User is on added item in cart successfully
2024-02-10 17:36:20 ERROR PageOpeations:45 - Failed to find Sony vaio i5 Subcategory in Product selection: 
2024-02-10 17:36:20 ERROR PageOpeations:46 - stale element reference: stale element not found
  (Session info: chrome=121.0.6167.86)
For documentation on this error, please visit: https://www.selenium.dev/documentation/webdriver/troubleshooting/errors#stale-element-reference-exception
Build info: version: '4.15.0', revision: '1d14b5521b'
System info: os.name: 'Windows 10', os.arch: 'amd64', os.version: '10.0', java.version: '21.0.1'
Driver info: org.openqa.selenium.chrome.ChromeDriver
Command: [a2cb291ccccd221ddcae55cf33478cdf, clickElement {id=924FB145F013336D7FB88B735296D1EA_element_275}]
Capabilities {acceptInsecureCerts: false, browserName: chrome, browserVersion: 121.0.6167.86, chrome: {chromedriverVersion: 121.0.6167.85 (3f98d690ad7e..., userDataDir: C:\Users\DELL\AppData\Local...}, fedcm:accounts: true, goog:chromeOptions: {debuggerAddress: localhost:52815}, networkConnectionEnabled: false, pageLoadStrategy: normal, platformName: windows, proxy: Proxy(), se:cdp: ws://localhost:52815/devtoo..., se:cdpVersion: 121.0.6167.86, setWindowRect: true, strictFileInteractability: false, timeouts: {implicit: 0, pageLoad: 300000, script: 30000}, unhandledPromptBehavior: dismiss and notify, webauthn:extension:credBlob: true, webauthn:extension:largeBlob: true, webauthn:extension:minPinLength: true, webauthn:extension:prf: true, webauthn:virtualAuthenticators: true}
Element: [[ChromeDriver: chrome on windows (a2cb291ccccd221ddcae55cf33478cdf)] -> xpath: //a[text()='Sony vaio i5']]
Session ID: a2cb291ccccd221ddcae55cf33478cdf
2024-02-10 17:36:20 ERROR PageOpeations:148 - User clicks on Add to Cart button and navigates to Cart Page - Test step is Skipped
2024-02-10 17:36:20 ERROR PageOpeations:89 - User validates that selected item is added in Cart - Test step is Skipped
2024-02-10 17:36:20 INFO  PlaceOrderTest:55 - Status:PASS,StepNumber:1,StepName:User is on added item in cart successfully
2024-02-10 17:36:59 INFO  PlaceOrderTest:55 - Status:PASS,StepNumber:1,StepName:User is on added item in cart successfully
